{"class":"Jets::Commands::Deploy","meth":"run","time":1534045225781,"type":"start"}
{"class":"Jets::Commands::Deploy","meth":"build_code","time":1534045225781,"type":"start"}
{"class":"Jets::Commands::Build","meth":"build_code","time":1534045225781,"type":"start"}
{"class":"Jets::Builders::CodeBuilder","meth":"build","time":1534045225842,"type":"start"}
{"class":"Jets::Builders::CodeBuilder","meth":"compile_assets","time":1534045225854,"type":"start"}
{"class":"Jets::Builders::CodeBuilder","meth":"compile_assets","time":1534045229663,"type":"finish"}
{"class":"Jets::Builders::CodeBuilder","meth":"copy_project","time":1534045229663,"type":"start"}
{"class":"Jets::Builders::CodeBuilder","meth":"copy_project","time":1534045229856,"type":"finish"}
{"class":"Jets::Builders::CodeBuilder","meth":"start_app_root_setup","time":1534045229856,"type":"start"}
{"class":"Jets::Builders::CodeBuilder","meth":"start_app_root_setup","time":1534045229896,"type":"finish"}
{"class":"Jets::Builders::CodeBuilder","meth":"bundle_install","time":1534045229896,"type":"start"}
{"class":"Jets::Builders::CodeBuilder","meth":"bundle_install","time":1534045230265,"type":"finish"}
{"class":"Jets::Builders::CodeBuilder","meth":"finish_app_root_setup","time":1534045230265,"type":"start"}
{"class":"Jets::Builders::CodeBuilder","meth":"finish_app_root_setup","time":1534045236958,"type":"finish"}
{"class":"Jets::Builders::CodeBuilder","meth":"create_zip_file","time":1534045236958,"type":"start"}
{"class":"Jets::Builders::CodeBuilder","meth":"create_zip_file","time":1534045246079,"type":"finish"}
{"class":"Jets::Builders::CodeBuilder","meth":"build","time":1534045246080,"type":"finish"}
{"class":"Jets::Commands::Build","meth":"build_code","time":1534045246080,"type":"finish"}
{"class":"Jets::Commands::Deploy","meth":"build_code","time":1534045246080,"type":"finish"}
{"class":"Jets::Commands::Deploy","meth":"ship","time":1534045246711,"type":"start"}
{"class":"Jets::Commands::Build","meth":"build_templates","time":1534045246712,"type":"start"}
{"class":"Jets::Commands::Build","meth":"build_templates","time":1534045246743,"type":"finish"}
{"class":"Jets::Cfn::Ship","meth":"run","time":1534045246744,"type":"start"}
{"class":"Jets::Cfn::Ship","meth":"upload_to_s3","time":1534045246744,"type":"start"}
{"class":"Jets::Cfn::Ship","meth":"upload_to_s3","time":1534045248878,"type":"finish"}
{"class":"Jets::Cfn::Ship","meth":"update_stack","time":1534045249186,"type":"start"}
{"class":"Jets::Cfn::Ship","meth":"update_stack","time":1534045249272,"type":"finish"}
{"class":"Jets::Cfn::Ship","meth":"wait_for_stack","time":1534045249272,"type":"start"}
{"class":"Jets::Cfn::Ship","meth":"wait_for_stack","time":1534045331470,"type":"finish"}
{"class":"Jets::Cfn::Ship","meth":"run","time":1534045331532,"type":"finish"}
{"class":"Jets::Commands::Deploy","meth":"ship","time":1534045331532,"type":"finish"}
{"class":"Jets::Commands::Deploy","meth":"run","time":1534045331532,"type":"finish"}
